<?xml version="1.0" encoding="UTF-8"?>
<testsuite xmlns:xsi="http://www.w3.org/2001/XMLSchema-instance" xsi:noNamespaceSchemaLocation="https://maven.apache.org/surefire/maven-surefire-plugin/xsd/surefire-test-report.xsd" name="com.dmdev.junit.service.UserServiceTest" time="0.32" tests="3" errors="0" skipped="0" failures="0">
  <properties>
[...]
</properties>
  <testcase name="usersEmptyIfNoUsersAdded" classname="com.dmdev.junit.service.UserServiceTest" time="0.09"/>
  <testcase name="usersConvertedToMapById" classname="com.dmdev.junit.service.UserServiceTest" time="0.008"/>
  <testcase name="userSizeIfUserAdded" classname="com.dmdev.junit.service.UserServiceTest" time="0.189"/>
</testsuite>